0 info it worked if it ends with ok
1 verbose cli [ 'node', '/usr/local/bin/npm', 'install', '-g', 'css2stylus' ]
2 info using npm@1.4.28
3 info using node@v0.10.32
4 verbose cache add [ 'css2stylus', null ]
5 verbose cache add name=undefined spec="css2stylus" args=["css2stylus",null]
6 verbose parsed url { protocol: null,
6 verbose parsed url   slashes: null,
6 verbose parsed url   auth: null,
6 verbose parsed url   host: null,
6 verbose parsed url   port: null,
6 verbose parsed url   hostname: null,
6 verbose parsed url   hash: null,
6 verbose parsed url   search: null,
6 verbose parsed url   query: null,
6 verbose parsed url   pathname: 'css2stylus',
6 verbose parsed url   path: 'css2stylus',
6 verbose parsed url   href: 'css2stylus' }
7 silly lockFile e7437f6f-css2stylus css2stylus
8 verbose lock css2stylus /Users/diseno/.npm/e7437f6f-css2stylus.lock
9 silly lockFile e7437f6f-css2stylus css2stylus
10 silly lockFile e7437f6f-css2stylus css2stylus
11 verbose addNamed [ 'css2stylus', '' ]
12 verbose addNamed [ null, '*' ]
13 silly lockFile b0374d1f-css2stylus css2stylus@
14 verbose lock css2stylus@ /Users/diseno/.npm/b0374d1f-css2stylus.lock
15 silly addNameRange { name: 'css2stylus', range: '*', hasData: false }
16 verbose request where is /css2stylus
17 verbose request registry https://registry.npmjs.org/
18 verbose request id fb2d37699d7dc080
19 verbose url raw /css2stylus
20 verbose url resolving [ 'https://registry.npmjs.org/', './css2stylus' ]
21 verbose url resolved https://registry.npmjs.org/css2stylus
22 verbose request where is https://registry.npmjs.org/css2stylus
23 info trying registry request attempt 1 at 12:53:12
24 http GET https://registry.npmjs.org/css2stylus
25 http 200 https://registry.npmjs.org/css2stylus
26 silly registry.get cb [ 200,
26 silly registry.get   { date: 'Tue, 30 Sep 2014 17:53:12 GMT',
26 silly registry.get     server: 'CouchDB/1.5.0 (Erlang OTP/R16B03)',
26 silly registry.get     etag: '"Q5Y3YW4FOLXI3AUZIPBI6SIX"',
26 silly registry.get     'content-type': 'application/json',
26 silly registry.get     'cache-control': 'max-age=60',
26 silly registry.get     'content-length': '9337',
26 silly registry.get     'accept-ranges': 'bytes',
26 silly registry.get     via: '1.1 varnish',
26 silly registry.get     age: '5618',
26 silly registry.get     'x-served-by': 'cache-dfw1821-DFW',
26 silly registry.get     'x-cache': 'MISS',
26 silly registry.get     'x-cache-hits': '0',
26 silly registry.get     'x-timer': 'S1412099592.667613,VS0,VE255',
26 silly registry.get     vary: 'Accept',
26 silly registry.get     'keep-alive': 'timeout=10, max=50',
26 silly registry.get     connection: 'Keep-Alive' } ]
27 silly addNameRange number 2 { name: 'css2stylus', range: '*', hasData: true }
28 silly addNameRange versions [ 'css2stylus',
28 silly addNameRange   [ '0.0.1', '0.1.0', '0.1.1', '0.1.2', '0.1.3', '0.1.4' ] ]
29 verbose addNamed [ 'css2stylus', '0.1.4' ]
30 verbose addNamed [ '0.1.4', '0.1.4' ]
31 silly lockFile 2b6db2e1-css2stylus-0-1-4 css2stylus@0.1.4
32 verbose lock css2stylus@0.1.4 /Users/diseno/.npm/2b6db2e1-css2stylus-0-1-4.lock
33 silly lockFile 66b5e1e6--css2stylus-css2stylus-0-1-4-tgz https://registry.npmjs.org/css2stylus/-/css2stylus-0.1.4.tgz
34 verbose lock https://registry.npmjs.org/css2stylus/-/css2stylus-0.1.4.tgz /Users/diseno/.npm/66b5e1e6--css2stylus-css2stylus-0-1-4-tgz.lock
35 verbose addRemoteTarball [ 'https://registry.npmjs.org/css2stylus/-/css2stylus-0.1.4.tgz',
35 verbose addRemoteTarball   '0e6222e8ce18ca64b9a87f7b5fccdd02d2aee5ba' ]
36 info retry fetch attempt 1 at 12:53:13
37 verbose fetch to= /var/folders/3j/n7jj37zd65l5slrrwtflqb3m0000gp/T/npm-410-6rkDDbvB/registry.npmjs.org/css2stylus/-/css2stylus-0.1.4.tgz
38 http GET https://registry.npmjs.org/css2stylus/-/css2stylus-0.1.4.tgz
39 http 200 https://registry.npmjs.org/css2stylus/-/css2stylus-0.1.4.tgz
40 silly lockFile 66b5e1e6--css2stylus-css2stylus-0-1-4-tgz https://registry.npmjs.org/css2stylus/-/css2stylus-0.1.4.tgz
41 silly lockFile 66b5e1e6--css2stylus-css2stylus-0-1-4-tgz https://registry.npmjs.org/css2stylus/-/css2stylus-0.1.4.tgz
42 silly lockFile 2b6db2e1-css2stylus-0-1-4 css2stylus@0.1.4
43 silly lockFile 2b6db2e1-css2stylus-0-1-4 css2stylus@0.1.4
44 silly lockFile b0374d1f-css2stylus css2stylus@
45 silly lockFile b0374d1f-css2stylus css2stylus@
46 silly resolved [ { name: 'css2stylus',
46 silly resolved     description: 'Converts CSS to Stylus.',
46 silly resolved     version: '0.1.4',
46 silly resolved     author: { name: 'Denis Ciccale', url: '@tdecs' },
46 silly resolved     homepage: 'http://css2stylus.com',
46 silly resolved     repository:
46 silly resolved      { type: 'git',
46 silly resolved        url: 'https://github.com/dciccale/css2stylus.js.git' },
46 silly resolved     bugs: { url: 'http://github.com/dciccale/css2stylus.js/issues' },
46 silly resolved     licenses: [ [Object] ],
46 silly resolved     main: './lib/css2stylus',
46 silly resolved     bin: { css2stylus: './bin/css2stylus' },
46 silly resolved     preferGlobal: 'true',
46 silly resolved     dependencies: { yargs: '^1.2.2' },
46 silly resolved     devDependencies: {},
46 silly resolved     keywords: [ 'css2stylus', 'css', 'stylus', 'converter' ],
46 silly resolved     engines: [ 'node >= 0.6.0' ],
46 silly resolved     _id: 'css2stylus@0.1.4',
46 silly resolved     dist:
46 silly resolved      { shasum: '0e6222e8ce18ca64b9a87f7b5fccdd02d2aee5ba',
46 silly resolved        tarball: 'http://registry.npmjs.org/css2stylus/-/css2stylus-0.1.4.tgz' },
46 silly resolved     _from: 'css2stylus@',
46 silly resolved     _npmVersion: '1.3.24',
46 silly resolved     _npmUser: { name: 'denis', email: 'dciccale@gmail.com' },
46 silly resolved     maintainers: [ [Object] ],
46 silly resolved     directories: {},
46 silly resolved     _shasum: '0e6222e8ce18ca64b9a87f7b5fccdd02d2aee5ba',
46 silly resolved     _resolved: 'https://registry.npmjs.org/css2stylus/-/css2stylus-0.1.4.tgz' } ]
47 info install css2stylus@0.1.4 into /usr/local/lib
48 info installOne css2stylus@0.1.4
49 verbose lib/node_modules/css2stylus unbuild
50 verbose tar unpack /Users/diseno/.npm/css2stylus/0.1.4/package.tgz
51 silly lockFile 82085019-ocal-lib-node-modules-css2stylus tar:///usr/local/lib/node_modules/css2stylus
52 verbose lock tar:///usr/local/lib/node_modules/css2stylus /Users/diseno/.npm/82085019-ocal-lib-node-modules-css2stylus.lock
53 silly lockFile 8375c3bb-npm-css2stylus-0-1-4-package-tgz tar:///Users/diseno/.npm/css2stylus/0.1.4/package.tgz
54 verbose lock tar:///Users/diseno/.npm/css2stylus/0.1.4/package.tgz /Users/diseno/.npm/8375c3bb-npm-css2stylus-0-1-4-package-tgz.lock
55 silly gunzTarPerm modes [ '755', '644' ]
56 error Error: EACCES, mkdir '/usr/local/lib/node_modules/css2stylus'
56 error  { [Error: EACCES, mkdir '/usr/local/lib/node_modules/css2stylus']
56 error   errno: 3,
56 error   code: 'EACCES',
56 error   path: '/usr/local/lib/node_modules/css2stylus',
56 error   fstream_type: 'Directory',
56 error   fstream_path: '/usr/local/lib/node_modules/css2stylus',
56 error   fstream_class: 'DirWriter',
56 error   fstream_stack:
56 error    [ '/usr/local/lib/node_modules/npm/node_modules/fstream/lib/dir-writer.js:36:23',
56 error      '/usr/local/lib/node_modules/npm/node_modules/mkdirp/index.js:46:53',
56 error      'Object.oncomplete (fs.js:107:15)' ] }
57 error Please try running this command again as root/Administrator.
58 error System Darwin 13.3.0
59 error command "node" "/usr/local/bin/npm" "install" "-g" "css2stylus"
60 error cwd /Users/diseno/Google Drive/plantillas-summer/html/css
61 error node -v v0.10.32
62 error npm -v 1.4.28
63 error path /usr/local/lib/node_modules/css2stylus
64 error fstream_path /usr/local/lib/node_modules/css2stylus
65 error fstream_type Directory
66 error fstream_class DirWriter
67 error code EACCES
68 error errno 3
69 error stack Error: EACCES, mkdir '/usr/local/lib/node_modules/css2stylus'
70 error fstream_stack /usr/local/lib/node_modules/npm/node_modules/fstream/lib/dir-writer.js:36:23
70 error fstream_stack /usr/local/lib/node_modules/npm/node_modules/mkdirp/index.js:46:53
70 error fstream_stack Object.oncomplete (fs.js:107:15)
71 verbose exit [ 3, true ]
